# JRE version: Java(TM) SE Runtime Environment (8.0_131-b11) (build 1.8.0_131-b11)
# Java VM: Java HotSpot(TM) 64-Bit Server VM (25.131-b11 mixed mode windows-amd64 compressed oops)
Heap:
 PSYoungGen      total 270336K, used 42039K [0x000000076b580000, 0x0000000780280000, 0x00000007c0000000)
  eden space 259584K, 16% used [0x000000076b580000,0x000000076de8ddb8,0x000000077b300000)
  from space 10752K, 0% used [0x000000077b300000,0x000000077b300000,0x000000077bd80000)
  to   space 25088K, 0% used [0x000000077ea00000,0x000000077ea00000,0x0000000780280000)
 ParOldGen       total 100352K, used 39980K [0x00000006c2000000, 0x00000006c8200000, 0x000000076b580000)
  object space 100352K, 39% used [0x00000006c2000000,0x00000006c470b090,0x00000006c8200000)
 Metaspace       used 57304K, capacity 59764K, committed 60056K, reserved 1101824K
  class space    used 7613K, capacity 8026K, committed 8096K, reserved 1048576K
GC Heap History (10 events):
Event: 6.495 GC heap before
{Heap before GC invocations=6 (full 1):
 PSYoungGen      total 212480K, used 182110K [0x000000076b580000, 0x000000077c800000, 0x00000007c0000000)
  eden space 202240K, 85% used [0x000000076b580000,0x0000000775d69418,0x0000000777b00000)
  from space 10240K, 99% used [0x000000077be00000,0x000000077c7ee670,0x000000077c800000)
  to   space 10752K, 0% used [0x000000077b300000,0x000000077b300000,0x000000077bd80000)
 ParOldGen       total 100352K, used 7200K [0x00000006c2000000, 0x00000006c8200000, 0x000000076b580000)
  object space 100352K, 7% used [0x00000006c2000000,0x00000006c27080c0,0x00000006c8200000)
 Metaspace       used 33832K, capacity 35374K, committed 35496K, reserved 1079296K
  class space    used 4407K, capacity 4699K, committed 4784K, reserved 1048576K
Event: 6.525 GC heap after
Heap after GC invocations=6 (full 1):
 PSYoungGen      total 212992K, used 10741K [0x000000076b580000, 0x000000077c800000, 0x00000007c0000000)
  eden space 202240K, 0% used [0x000000076b580000,0x000000076b580000,0x0000000777b00000)
  from space 10752K, 99% used [0x000000077b300000,0x000000077bd7d708,0x000000077bd80000)
  to   space 10240K, 0% used [0x000000077be00000,0x000000077be00000,0x000000077c800000)
 ParOldGen       total 100352K, used 17172K [0x00000006c2000000, 0x00000006c8200000, 0x000000076b580000)
  object space 100352K, 17% used [0x00000006c2000000,0x00000006c30c51c8,0x00000006c8200000)
 Metaspace       used 33832K, capacity 35374K, committed 35496K, reserved 1079296K
  class space    used 4407K, capacity 4699K, committed 4784K, reserved 1048576K
}
Event: 6.525 GC heap before
{Heap before GC invocations=7 (full 2):
 PSYoungGen      total 212992K, used 10741K [0x000000076b580000, 0x000000077c800000, 0x00000007c0000000)
  eden space 202240K, 0% used [0x000000076b580000,0x000000076b580000,0x0000000777b00000)
  from space 10752K, 99% used [0x000000077b300000,0x000000077bd7d708,0x000000077bd80000)
  to   space 10240K, 0% used [0x000000077be00000,0x000000077be00000,0x000000077c800000)
 ParOldGen       total 100352K, used 17172K [0x00000006c2000000, 0x00000006c8200000, 0x000000076b580000)
  object space 100352K, 17% used [0x00000006c2000000,0x00000006c30c51c8,0x00000006c8200000)
 Metaspace       used 33832K, capacity 35374K, committed 35496K, reserved 1079296K
  class space    used 4407K, capacity 4699K, committed 4784K, reserved 1048576K
Event: 6.602 GC heap after
Heap after GC invocations=7 (full 2):
 PSYoungGen      total 212992K, used 0K [0x000000076b580000, 0x000000077c800000, 0x00000007c0000000)
  eden space 202240K, 0% used [0x000000076b580000,0x000000076b580000,0x0000000777b00000)
  from space 10752K, 0% used [0x000000077b300000,0x000000077b300000,0x000000077bd80000)
  to   space 10240K, 0% used [0x000000077be00000,0x000000077be00000,0x000000077c800000)
 ParOldGen       total 100352K, used 24589K [0x00000006c2000000, 0x00000006c8200000, 0x000000076b580000)
  object space 100352K, 24% used [0x00000006c2000000,0x00000006c3803638,0x00000006c8200000)
 Metaspace       used 33832K, capacity 35374K, committed 35496K, reserved 1079296K
  class space    used 4407K, capacity 4699K, committed 4784K, reserved 1048576K
}
Event: 10.014 GC heap before
{Heap before GC invocations=8 (full 2):
 PSYoungGen      total 212992K, used 202240K [0x000000076b580000, 0x000000077c800000, 0x00000007c0000000)
  eden space 202240K, 100% used [0x000000076b580000,0x0000000777b00000,0x0000000777b00000)
  from space 10752K, 0% used [0x000000077b300000,0x000000077b300000,0x000000077bd80000)
  to   space 10240K, 0% used [0x000000077be00000,0x000000077be00000,0x000000077c800000)
 ParOldGen       total 100352K, used 24589K [0x00000006c2000000, 0x00000006c8200000, 0x000000076b580000)
  object space 100352K, 24% used [0x00000006c2000000,0x00000006c3803638,0x00000006c8200000)
 Metaspace       used 48402K, capacity 50170K, committed 50600K, reserved 1093632K
  class space    used 6385K, capacity 6735K, committed 6832K, reserved 1048576K
Event: 10.028 GC heap after
Heap after GC invocations=8 (full 2):
 PSYoungGen      total 212480K, used 10219K [0x000000076b580000, 0x000000077c800000, 0x00000007c0000000)
  eden space 202240K, 0% used [0x000000076b580000,0x000000076b580000,0x0000000777b00000)
  from space 10240K, 99% used [0x000000077be00000,0x000000077c7fad80,0x000000077c800000)
  to   space 10752K, 0% used [0x000000077b300000,0x000000077b300000,0x000000077bd80000)
 ParOldGen       total 100352K, used 31172K [0x00000006c2000000, 0x00000006c8200000, 0x000000076b580000)
  object space 100352K, 31% used [0x00000006c2000000,0x00000006c3e713c8,0x00000006c8200000)
 Metaspace       used 48402K, capacity 50170K, committed 50600K, reserved 1093632K
  class space    used 6385K, capacity 6735K, committed 6832K, reserved 1048576K
}
Event: 20.642 GC heap before
{Heap before GC invocations=9 (full 2):
 PSYoungGen      total 212480K, used 211545K [0x000000076b580000, 0x000000077c800000, 0x00000007c0000000)
  eden space 202240K, 99% used [0x000000076b580000,0x0000000777a1b948,0x0000000777b00000)
  from space 10240K, 99% used [0x000000077be00000,0x000000077c7fad80,0x000000077c800000)
  to   space 10752K, 0% used [0x000000077b300000,0x000000077b300000,0x000000077bd80000)
 ParOldGen       total 100352K, used 31172K [0x00000006c2000000, 0x00000006c8200000, 0x000000076b580000)
  object space 100352K, 31% used [0x00000006c2000000,0x00000006c3e713c8,0x00000006c8200000)
 Metaspace       used 56620K, capacity 59070K, committed 59160K, reserved 1099776K
  class space    used 7472K, capacity 7897K, committed 7968K, reserved 1048576K
Event: 20.666 GC heap after
Heap after GC invocations=9 (full 2):
 PSYoungGen      total 270336K, used 10728K [0x000000076b580000, 0x0000000780280000, 0x00000007c0000000)
  eden space 259584K, 0% used [0x000000076b580000,0x000000076b580000,0x000000077b300000)
  from space 10752K, 99% used [0x000000077b300000,0x000000077bd7a140,0x000000077bd80000)
  to   space 25088K, 0% used [0x000000077ea00000,0x000000077ea00000,0x0000000780280000)
 ParOldGen       total 100352K, used 42194K [0x00000006c2000000, 0x00000006c8200000, 0x000000076b580000)
  object space 100352K, 42% used [0x00000006c2000000,0x00000006c49349c8,0x00000006c8200000)
 Metaspace       used 56620K, capacity 59070K, committed 59160K, reserved 1099776K
  class space    used 7472K, capacity 7897K, committed 7968K, reserved 1048576K
}
Event: 20.666 GC heap before
{Heap before GC invocations=10 (full 3):
 PSYoungGen      total 270336K, used 10728K [0x000000076b580000, 0x0000000780280000, 0x00000007c0000000)
  eden space 259584K, 0% used [0x000000076b580000,0x000000076b580000,0x000000077b300000)
  from space 10752K, 99% used [0x000000077b300000,0x000000077bd7a140,0x000000077bd80000)
  to   space 25088K, 0% used [0x000000077ea00000,0x000000077ea00000,0x0000000780280000)
 ParOldGen       total 100352K, used 42194K [0x00000006c2000000, 0x00000006c8200000, 0x000000076b580000)
  object space 100352K, 42% used [0x00000006c2000000,0x00000006c49349c8,0x00000006c8200000)
 Metaspace       used 56620K, capacity 59070K, committed 59160K, reserved 1099776K
  class space    used 7472K, capacity 7897K, committed 7968K, reserved 1048576K
Event: 21.064 GC heap after
Heap after GC invocations=10 (full 3):
 PSYoungGen      total 270336K, used 0K [0x000000076b580000, 0x0000000780280000, 0x00000007c0000000)
  eden space 259584K, 0% used [0x000000076b580000,0x000000076b580000,0x000000077b300000)
  from space 10752K, 0% used [0x000000077b300000,0x000000077b300000,0x000000077bd80000)
  to   space 25088K, 0% used [0x000000077ea00000,0x000000077ea00000,0x0000000780280000)
 ParOldGen       total 100352K, used 39980K [0x00000006c2000000, 0x00000006c8200000, 0x000000076b580000)
  object space 100352K, 39% used [0x00000006c2000000,0x00000006c470b090,0x00000006c8200000)
 Metaspace       used 56609K, capacity 59052K, committed 59160K, reserved 1099776K
  class space    used 7470K, capacity 7894K, committed 7968K, reserved 1048576K
}

